<?xml version="1.0" encoding="utf-8"?><testsuites name="pytest tests"><testsuite name="pytest" errors="0" failures="0" skipped="0" tests="5" time="0.573" timestamp="2025-09-20T11:33:48.532272+00:00" hostname="b1b14581599d"><testcase classname="src.pages.tests.ViewTests" name="test_home_page" time="0.330" /><testcase classname="src.pages.tests.TaskSortingTests" name="test_read_tasks_from_db_sorting" time="0.014" /><testcase classname="src.pages.tests.TaskSortingTests" name="test_task_list_default_sorting" time="0.024" /><testcase classname="src.up.tests.ViewTests" name="test_up" time="0.025" /><testcase classname="src.up.tests.ViewTests" name="test_up_databases" time="0.040" /></testsuite></testsuites>